<?xml version="1.0" encoding="UTF-8"?>
<!-- Generated by org.testng.reporters.JUnitReportReporter -->
<testsuite skipped="0" hostname="DESKTOP-HRGKN31" name="workingwithtestng.practisetesng2" tests="1" failures="0" timestamp="2020-05-17T20:35:40 CDT" time="11.340" errors="0">
  <testcase name="f" time="11.340" classname="workingwithtestng.practisetesng2"/>
  <system-out/>
</testsuite> <!-- workingwithtestng.practisetesng2 -->
