<?xml version="1.0" encoding="UTF-8"?>
<!-- Generated by org.testng.reporters.JUnitReportReporter -->
<testsuite skipped="0" hostname="DESKTOP-HRGKN31" name="Crossb.NewTest" tests="1" failures="0" timestamp="2020-05-18T20:11:07 CDT" time="11.494" errors="0">
  <testcase name="f" time="11.494" classname="Crossb.NewTest"/>
  <system-out/>
</testsuite> <!-- Crossb.NewTest -->
