<?xml version="1.0" encoding="UTF-8"?>
<!-- Generated by org.testng.reporters.JUnitReportReporter -->
<testsuite skipped="0" hostname="DESKTOP-HRGKN31" name="workingwithtestng.Practisetestng" tests="2" failures="0" timestamp="2020-05-18T20:31:42 CDT" time="22.690" errors="0">
  <testcase name="testcase1" time="11.039" classname="workingwithtestng.Practisetestng"/>
  <system-out/>
  <testcase name="testcase2" time="11.651" classname="workingwithtestng.Practisetestng"/>
  <system-out/>
</testsuite> <!-- workingwithtestng.Practisetestng -->
