<?xml version="1.0" encoding="UTF-8"?>
<!-- Generated by org.testng.reporters.JUnitReportReporter -->
<testsuite skipped="0" hostname="DESKTOP-HRGKN31" name="workingwithtestng.Prac4" tests="2" failures="0" timestamp="2020-05-18T20:47:38 CDT" time="20.393" errors="0">
  <testcase name="f" time="10.280" classname="workingwithtestng.Prac4"/>
  <system-out/>
  <testcase name="f" time="10.113" classname="workingwithtestng.Prac4"/>
  <system-out/>
</testsuite> <!-- workingwithtestng.Prac4 -->
